Bringing machine 'svr' up with 'virtualbox' provider...
Bringing machine 'node1' up with 'virtualbox' provider...
==> svr: Importing base box 'centos/7'...
[KProgress: 20%[KProgress: 40%[KProgress: 70%[KProgress: 90%[K==> svr: Matching MAC address for NAT networking...
==> svr: Checking if box 'centos/7' is up to date...
==> svr: A newer version of the box 'centos/7' is available! You currently
==> svr: have version '1702.01'. The latest is version '1703.01'. Run
==> svr: `vagrant box update` to update.
==> svr: Setting the name of the VM: lesson12_svr_1492117868639_14427
==> svr: Clearing any previously set network interfaces...
==> svr: Preparing network interfaces based on configuration...
    svr: Adapter 1: nat
    svr: Adapter 2: hostonly
==> svr: Forwarding ports...
    svr: 22 (guest) => 2222 (host) (adapter 1)
==> svr: Running 'pre-boot' VM customizations...
==> svr: Booting VM...
==> svr: Waiting for machine to boot. This may take a few minutes...
    svr: SSH address: 127.0.0.1:2222
    svr: SSH username: vagrant
    svr: SSH auth method: private key
    svr: Warning: Remote connection disconnect. Retrying...
