Bringing machine 'svr' up with 'virtualbox' provider...
Bringing machine 'node1' up with 'virtualbox' provider...
==> svr: Importing base box 'centos/7'...
[KProgress: 20%[KProgress: 40%[KProgress: 70%[KProgress: 90%[K==> svr: Matching MAC address for NAT networking...
==> svr: Checking if box 'centos/7' is up to date...
==> svr: A newer version of the box 'centos/7' is available! You currently
==> svr: have version '1702.01'. The latest is version '1703.01'. Run
==> svr: `vagrant box update` to update.
==> svr: Setting the name of the VM: lesson12_svr_1492116107746_72730
==> svr: Clearing any previously set network interfaces...
==> svr: Preparing network interfaces based on configuration...
    svr: Adapter 1: nat
    svr: Adapter 2: hostonly
==> svr: Forwarding ports...
    svr: 22 (guest) => 2222 (host) (adapter 1)
==> svr: Running 'pre-boot' VM customizations...
==> svr: Booting VM...
==> svr: Waiting for machine to boot. This may take a few minutes...
    svr: SSH address: 127.0.0.1:2222
    svr: SSH username: vagrant
    svr: SSH auth method: private key
    svr: Warning: Remote connection disconnect. Retrying...
    svr: Warning: Remote connection disconnect. Retrying...
    svr: Warning: Remote connection disconnect. Retrying...
    svr: 
    svr: Vagrant insecure key detected. Vagrant will automatically replace
    svr: this with a newly generated keypair for better security.
    svr: 
    svr: Inserting generated public key within guest...
    svr: Removing insecure key from the guest if it's present...
    svr: Key inserted! Disconnecting and reconnecting using new SSH key...
==> svr: Machine booted and ready!
[svr] No installation found.
Loaded plugins: fastestmirror
Determining fastest mirrors
 * base: ftp.byfly.by
 * extras: ftp.byfly.by
 * updates: ftp.byfly.by
Package binutils-2.25.1-22.base.el7.x86_64 already installed and latest version
Package 1:make-3.82-23.el7.x86_64 already installed and latest version
Package bzip2-1.0.6-13.el7.x86_64 already installed and latest version
Resolving Dependencies
--> Running transaction check
---> Package gcc.x86_64 0:4.8.5-11.el7 will be installed
--> Processing Dependency: cpp = 4.8.5-11.el7 for package: gcc-4.8.5-11.el7.x86_64
--> Processing Dependency: glibc-devel >= 2.2.90-12 for package: gcc-4.8.5-11.el7.x86_64
--> Processing Dependency: libmpfr.so.4()(64bit) for package: gcc-4.8.5-11.el7.x86_64
--> Processing Dependency: libmpc.so.3()(64bit) for package: gcc-4.8.5-11.el7.x86_64
---> Package kernel-devel.x86_64 0:3.10.0-514.6.2.el7 will be installed
---> Package perl.x86_64 4:5.16.3-291.el7 will be installed
--> Processing Dependency: perl-libs = 4:5.16.3-291.el7 for package: 4:perl-5.16.3-291.el7.x86_64
--> Processing Dependency: perl(Socket) >= 1.3 for package: 4:perl-5.16.3-291.el7.x86_64
--> Processing Dependency: perl(Scalar::Util) >= 1.10 for package: 4:perl-5.16.3-291.el7.x86_64
--> Processing Dependency: perl-macros for package: 4:perl-5.16.3-291.el7.x86_64
--> Processing Dependency: perl-libs for package: 4:perl-5.16.3-291.el7.x86_64
--> Processing Dependency: perl(threads::shared) for package: 4:perl-5.16.3-291.el7.x86_64
--> Processing Dependency: perl(threads) for package: 4:perl-5.16.3-291.el7.x86_64
--> Processing Dependency: perl(constant) for package: 4:perl-5.16.3-291.el7.x86_64
--> Processing Dependency: perl(Time::Local) for package: 4:perl-5.16.3-291.el7.x86_64
--> Processing Dependency: perl(Time::HiRes) for package: 4:perl-5.16.3-291.el7.x86_64
--> Processing Dependency: perl(Storable) for package: 4:perl-5.16.3-291.el7.x86_64
--> Processing Dependency: perl(Socket) for package: 4:perl-5.16.3-291.el7.x86_64
--> Processing Dependency: perl(Scalar::Util) for package: 4:perl-5.16.3-291.el7.x86_64
--> Processing Dependency: perl(Pod::Simple::XHTML) for package: 4:perl-5.16.3-291.el7.x86_64
--> Processing Dependency: perl(Pod::Simple::Search) for package: 4:perl-5.16.3-291.el7.x86_64
--> Processing Dependency: perl(Getopt::Long) for package: 4:perl-5.16.3-291.el7.x86_64
--> Processing Dependency: perl(Filter::Util::Call) for package: 4:perl-5.16.3-291.el7.x86_64
--> Processing Dependency: perl(File::Temp) for package: 4:perl-5.16.3-291.el7.x86_64
--> Processing Dependency: perl(File::Spec::Unix) for package: 4:perl-5.16.3-291.el7.x86_64
--> Processing Dependency: perl(File::Spec::Functions) for package: 4:perl-5.16.3-291.el7.x86_64
--> Processing Dependency: perl(File::Spec) for package: 4:perl-5.16.3-291.el7.x86_64
--> Processing Dependency: perl(File::Path) for package: 4:perl-5.16.3-291.el7.x86_64
--> Processing Dependency: perl(Exporter) for package: 4:perl-5.16.3-291.el7.x86_64
--> Processing Dependency: perl(Cwd) for package: 4:perl-5.16.3-291.el7.x86_64
--> Processing Dependency: perl(Carp) for package: 4:perl-5.16.3-291.el7.x86_64
--> Processing Dependency: libperl.so()(64bit) for package: 4:perl-5.16.3-291.el7.x86_64
--> Running transaction check
---> Package cpp.x86_64 0:4.8.5-11.el7 will be installed
---> Package glibc-devel.x86_64 0:2.17-157.el7_3.1 will be installed
--> Processing Dependency: glibc-headers = 2.17-157.el7_3.1 for package: glibc-devel-2.17-157.el7_3.1.x86_64
--> Processing Dependency: glibc-headers for package: glibc-devel-2.17-157.el7_3.1.x86_64
---> Package libmpc.x86_64 0:1.0.1-3.el7 will be installed
---> Package mpfr.x86_64 0:3.1.1-4.el7 will be installed
---> Package perl-Carp.noarch 0:1.26-244.el7 will be installed
---> Package perl-Exporter.noarch 0:5.68-3.el7 will be installed
---> Package perl-File-Path.noarch 0:2.09-2.el7 will be installed
---> Package perl-File-Temp.noarch 0:0.23.01-3.el7 will be installed
---> Package perl-Filter.x86_64 0:1.49-3.el7 will be installed
---> Package perl-Getopt-Long.noarch 0:2.40-2.el7 will be installed
--> Processing Dependency: perl(Pod::Usage) >= 1.14 for package: perl-Getopt-Long-2.40-2.el7.noarch
--> Processing Dependency: perl(Text::ParseWords) for package: perl-Getopt-Long-2.40-2.el7.noarch
---> Package perl-PathTools.x86_64 0:3.40-5.el7 will be installed
---> Package perl-Pod-Simple.noarch 1:3.28-4.el7 will be installed
--> Processing Dependency: perl(Pod::Escapes) >= 1.04 for package: 1:perl-Pod-Simple-3.28-4.el7.noarch
--> Processing Dependency: perl(Encode) for package: 1:perl-Pod-Simple-3.28-4.el7.noarch
---> Package perl-Scalar-List-Utils.x86_64 0:1.27-248.el7 will be installed
---> Package perl-Socket.x86_64 0:2.010-4.el7 will be installed
---> Package perl-Storable.x86_64 0:2.45-3.el7 will be installed
---> Package perl-Time-HiRes.x86_64 4:1.9725-3.el7 will be installed
---> Package perl-Time-Local.noarch 0:1.2300-2.el7 will be installed
---> Package perl-constant.noarch 0:1.27-2.el7 will be installed
---> Package perl-libs.x86_64 4:5.16.3-291.el7 will be installed
---> Package perl-macros.x86_64 4:5.16.3-291.el7 will be installed
---> Package perl-threads.x86_64 0:1.87-4.el7 will be installed
---> Package perl-threads-shared.x86_64 0:1.43-6.el7 will be installed
--> Running transaction check
---> Package glibc-headers.x86_64 0:2.17-157.el7_3.1 will be installed
--> Processing Dependency: kernel-headers >= 2.2.1 for package: glibc-headers-2.17-157.el7_3.1.x86_64
--> Processing Dependency: kernel-headers for package: glibc-headers-2.17-157.el7_3.1.x86_64
---> Package perl-Encode.x86_64 0:2.51-7.el7 will be installed
---> Package perl-Pod-Escapes.noarch 1:1.04-291.el7 will be installed
---> Package perl-Pod-Usage.noarch 0:1.63-3.el7 will be installed
--> Processing Dependency: perl(Pod::Text) >= 3.15 for package: perl-Pod-Usage-1.63-3.el7.noarch
--> Processing Dependency: perl-Pod-Perldoc for package: perl-Pod-Usage-1.63-3.el7.noarch
---> Package perl-Text-ParseWords.noarch 0:3.29-4.el7 will be installed
--> Running transaction check
---> Package kernel-headers.x86_64 0:3.10.0-514.16.1.el7 will be installed
---> Package perl-Pod-Perldoc.noarch 0:3.20-4.el7 will be installed
--> Processing Dependency: perl(parent) for package: perl-Pod-Perldoc-3.20-4.el7.noarch
--> Processing Dependency: perl(HTTP::Tiny) for package: perl-Pod-Perldoc-3.20-4.el7.noarch
---> Package perl-podlators.noarch 0:2.5.1-3.el7 will be installed
--> Running transaction check
---> Package perl-HTTP-Tiny.noarch 0:0.033-3.el7 will be installed
---> Package perl-parent.noarch 1:0.225-244.el7 will be installed
--> Finished Dependency Resolution

Dependencies Resolved

================================================================================
 Package                   Arch      Version                   Repository  Size
================================================================================
Installing:
 gcc                       x86_64    4.8.5-11.el7              base        16 M
 kernel-devel              x86_64    3.10.0-514.6.2.el7        updates     13 M
 perl                      x86_64    4:5.16.3-291.el7          base       8.0 M
Installing for dependencies:
 cpp                       x86_64    4.8.5-11.el7              base       5.9 M
 glibc-devel               x86_64    2.17-157.el7_3.1          updates    1.1 M
 glibc-headers             x86_64    2.17-157.el7_3.1          updates    668 k
 kernel-headers            x86_64    3.10.0-514.16.1.el7       updates    4.8 M
 libmpc                    x86_64    1.0.1-3.el7               base        51 k
 mpfr                      x86_64    3.1.1-4.el7               base       203 k
 perl-Carp                 noarch    1.26-244.el7              base        19 k
 perl-Encode               x86_64    2.51-7.el7                base       1.5 M
 perl-Exporter             noarch    5.68-3.el7                base        28 k
 perl-File-Path            noarch    2.09-2.el7                base        26 k
 perl-File-Temp            noarch    0.23.01-3.el7             base        56 k
 perl-Filter               x86_64    1.49-3.el7                base        76 k
 perl-Getopt-Long          noarch    2.40-2.el7                base        56 k
 perl-HTTP-Tiny            noarch    0.033-3.el7               base        38 k
 perl-PathTools            x86_64    3.40-5.el7                base        82 k
 perl-Pod-Escapes          noarch    1:1.04-291.el7            base        51 k
 perl-Pod-Perldoc          noarch    3.20-4.el7                base        87 k
 perl-Pod-Simple           noarch    1:3.28-4.el7              base       216 k
 perl-Pod-Usage            noarch    1.63-3.el7                base        27 k
 perl-Scalar-List-Utils    x86_64    1.27-248.el7              base        36 k
 perl-Socket               x86_64    2.010-4.el7               base        49 k
 perl-Storable             x86_64    2.45-3.el7                base        77 k
 perl-Text-ParseWords      noarch    3.29-4.el7                base        14 k
 perl-Time-HiRes           x86_64    4:1.9725-3.el7            base        45 k
 perl-Time-Local           noarch    1.2300-2.el7              base        24 k
 perl-constant             noarch    1.27-2.el7                base        19 k
 perl-libs                 x86_64    4:5.16.3-291.el7          base       688 k
 perl-macros               x86_64    4:5.16.3-291.el7          base        43 k
 perl-parent               noarch    1:0.225-244.el7           base        12 k
 perl-podlators            noarch    2.5.1-3.el7               base       112 k
 perl-threads              x86_64    1.87-4.el7                base        49 k
 perl-threads-shared       x86_64    1.43-6.el7                base        39 k

Transaction Summary
================================================================================
Install  3 Packages (+32 Dependent packages)

Total download size: 53 M
Installed size: 130 M
Downloading packages:
Public key for glibc-headers-2.17-157.el7_3.1.x86_64.rpm is not installed
warning: /var/cache/yum/x86_64/7/updates/packages/glibc-headers-2.17-157.el7_3.1.x86_64.rpm: Header V3 RSA/SHA256 Signature, key ID f4a80eb5: NOKEY
Public key for libmpc-1.0.1-3.el7.x86_64.rpm is not installed
--------------------------------------------------------------------------------
Total                                              6.0 MB/s |  53 MB  00:08     
Retrieving key from file:///etc/pki/rpm-gpg/RPM-GPG-KEY-CentOS-7
Importing GPG key 0xF4A80EB5:
 Userid     : "CentOS-7 Key (CentOS 7 Official Signing Key) <security@centos.org>"
 Fingerprint: 6341 ab27 53d7 8a78 a7c2 7bb1 24c6 a8a7 f4a8 0eb5
 Package    : centos-release-7-3.1611.el7.centos.x86_64 (@anaconda)
 From       : /etc/pki/rpm-gpg/RPM-GPG-KEY-CentOS-7
Running transaction check
Running transaction test
Transaction test succeeded
Running transaction
  Installing : mpfr-3.1.1-4.el7.x86_64                                     1/35 
  Installing : libmpc-1.0.1-3.el7.x86_64                                   2/35 
  Installing : cpp-4.8.5-11.el7.x86_64                                     3/35 
  Installing : 1:perl-parent-0.225-244.el7.noarch                          4/35 
  Installing : perl-HTTP-Tiny-0.033-3.el7.noarch                           5/35 
  Installing : perl-podlators-2.5.1-3.el7.noarch                           6/35 
  Installing : perl-Pod-Perldoc-3.20-4.el7.noarch                          7/35 
  Installing : 1:perl-Pod-Escapes-1.04-291.el7.noarch                      8/35 
  Installing : perl-Encode-2.51-7.el7.x86_64                               9/35 
  Installing : perl-Text-ParseWords-3.29-4.el7.noarch                     10/35 
  Installing : perl-Pod-Usage-1.63-3.el7.noarch                           11/35 
  Installing : perl-threads-1.87-4.el7.x86_64                             12/35 
  Installing : perl-Storable-2.45-3.el7.x86_64                            13/35 
  Installing : perl-Exporter-5.68-3.el7.noarch                            14/35 
  Installing : perl-constant-1.27-2.el7.noarch                            15/35 
  Installing : perl-Time-Local-1.2300-2.el7.noarch                        16/35 
  Installing : perl-Socket-2.010-4.el7.x86_64                             17/35 
  Installing : perl-Carp-1.26-244.el7.noarch                              18/35 
  Installing : 4:perl-Time-HiRes-1.9725-3.el7.x86_64                      19/35 
  Installing : perl-threads-shared-1.43-6.el7.x86_64                      20/35 
  Installing : perl-PathTools-3.40-5.el7.x86_64                           21/35 
  Installing : perl-Scalar-List-Utils-1.27-248.el7.x86_64                 22/35 
  Installing : 4:perl-libs-5.16.3-291.el7.x86_64                          23/35 
  Installing : 4:perl-macros-5.16.3-291.el7.x86_64                        24/35 
  Installing : 1:perl-Pod-Simple-3.28-4.el7.noarch                        25/35 
  Installing : perl-File-Temp-0.23.01-3.el7.noarch                        26/35 
  Installing : perl-File-Path-2.09-2.el7.noarch                           27/35 
  Installing : perl-Filter-1.49-3.el7.x86_64                              28/35 
  Installing : perl-Getopt-Long-2.40-2.el7.noarch                         29/35 
  Installing : 4:perl-5.16.3-291.el7.x86_64                               30/35 
  Installing : kernel-headers-3.10.0-514.16.1.el7.x86_64                  31/35 
  Installing : glibc-headers-2.17-157.el7_3.1.x86_64                      32/35 
  Installing : glibc-devel-2.17-157.el7_3.1.x86_64                        33/35 
  Installing : gcc-4.8.5-11.el7.x86_64                                    34/35 
  Installing : kernel-devel-3.10.0-514.6.2.el7.x86_64                     35/35 
  Verifying  : perl-HTTP-Tiny-0.033-3.el7.noarch                           1/35 
  Verifying  : perl-threads-shared-1.43-6.el7.x86_64                       2/35 
  Verifying  : perl-Storable-2.45-3.el7.x86_64                             3/35 
  Verifying  : perl-threads-1.87-4.el7.x86_64                              4/35 
  Verifying  : perl-Exporter-5.68-3.el7.noarch                             5/35 
  Verifying  : perl-constant-1.27-2.el7.noarch                             6/35 
  Verifying  : perl-PathTools-3.40-5.el7.x86_64                            7/35 
  Verifying  : cpp-4.8.5-11.el7.x86_64                                     8/35 
  Verifying  : kernel-devel-3.10.0-514.6.2.el7.x86_64                      9/35 
  Verifying  : 1:perl-Pod-Escapes-1.04-291.el7.noarch                     10/35 
  Verifying  : glibc-headers-2.17-157.el7_3.1.x86_64                      11/35 
  Verifying  : 1:perl-parent-0.225-244.el7.noarch                         12/35 
  Verifying  : perl-File-Temp-0.23.01-3.el7.noarch                        13/35 
  Verifying  : 1:perl-Pod-Simple-3.28-4.el7.noarch                        14/35 
  Verifying  : perl-Time-Local-1.2300-2.el7.noarch                        15/35 
  Verifying  : perl-Pod-Perldoc-3.20-4.el7.noarch                         16/35 
  Verifying  : perl-Socket-2.010-4.el7.x86_64                             17/35 
  Verifying  : glibc-devel-2.17-157.el7_3.1.x86_64                        18/35 
  Verifying  : kernel-headers-3.10.0-514.16.1.el7.x86_64                  19/35 
  Verifying  : perl-Carp-1.26-244.el7.noarch                              20/35 
  Verifying  : 4:perl-Time-HiRes-1.9725-3.el7.x86_64                      21/35 
  Verifying  : perl-Scalar-List-Utils-1.27-248.el7.x86_64                 22/35 
  Verifying  : libmpc-1.0.1-3.el7.x86_64                                  23/35 
  Verifying  : 4:perl-libs-5.16.3-291.el7.x86_64                          24/35 
  Verifying  : 4:perl-macros-5.16.3-291.el7.x86_64                        25/35 
  Verifying  : perl-Pod-Usage-1.63-3.el7.noarch                           26/35 
  Verifying  : perl-Encode-2.51-7.el7.x86_64                              27/35 
  Verifying  : perl-podlators-2.5.1-3.el7.noarch                          28/35 
  Verifying  : perl-Getopt-Long-2.40-2.el7.noarch                         29/35 
  Verifying  : perl-File-Path-2.09-2.el7.noarch                           30/35 
  Verifying  : 4:perl-5.16.3-291.el7.x86_64                               31/35 
  Verifying  : mpfr-3.1.1-4.el7.x86_64                                    32/35 
  Verifying  : perl-Filter-1.49-3.el7.x86_64                              33/35 
  Verifying  : perl-Text-ParseWords-3.29-4.el7.noarch                     34/35 
  Verifying  : gcc-4.8.5-11.el7.x86_64                                    35/35 

Installed:
  gcc.x86_64 0:4.8.5-11.el7        kernel-devel.x86_64 0:3.10.0-514.6.2.el7    
  perl.x86_64 4:5.16.3-291.el7    

Dependency Installed:
  cpp.x86_64 0:4.8.5-11.el7                                                     
  glibc-devel.x86_64 0:2.17-157.el7_3.1                                         
  glibc-headers.x86_64 0:2.17-157.el7_3.1                                       
  kernel-headers.x86_64 0:3.10.0-514.16.1.el7                                   
  libmpc.x86_64 0:1.0.1-3.el7                                                   
  mpfr.x86_64 0:3.1.1-4.el7                                                     
  perl-Carp.noarch 0:1.26-244.el7                                               
  perl-Encode.x86_64 0:2.51-7.el7                                               
  perl-Exporter.noarch 0:5.68-3.el7                                             
  perl-File-Path.noarch 0:2.09-2.el7                                            
  perl-File-Temp.noarch 0:0.23.01-3.el7                                         
  perl-Filter.x86_64 0:1.49-3.el7                                               
  perl-Getopt-Long.noarch 0:2.40-2.el7                                          
  perl-HTTP-Tiny.noarch 0:0.033-3.el7                                           
  perl-PathTools.x86_64 0:3.40-5.el7                                            
  perl-Pod-Escapes.noarch 1:1.04-291.el7                                        
  perl-Pod-Perldoc.noarch 0:3.20-4.el7                                          
  perl-Pod-Simple.noarch 1:3.28-4.el7                                           
  perl-Pod-Usage.noarch 0:1.63-3.el7                                            
  perl-Scalar-List-Utils.x86_64 0:1.27-248.el7                                  
  perl-Socket.x86_64 0:2.010-4.el7                                              
  perl-Storable.x86_64 0:2.45-3.el7                                             
  perl-Text-ParseWords.noarch 0:3.29-4.el7                                      
  perl-Time-HiRes.x86_64 4:1.9725-3.el7                                         
  perl-Time-Local.noarch 0:1.2300-2.el7                                         
  perl-constant.noarch 0:1.27-2.el7                                             
  perl-libs.x86_64 4:5.16.3-291.el7                                             
  perl-macros.x86_64 4:5.16.3-291.el7                                           
  perl-parent.noarch 1:0.225-244.el7                                            
  perl-podlators.noarch 0:2.5.1-3.el7                                           
  perl-threads.x86_64 0:1.87-4.el7                                              
  perl-threads-shared.x86_64 0:1.43-6.el7                                       

Complete!
Copy iso file /usr/share/virtualbox/VBoxGuestAdditions.iso into the box /tmp/VBoxGuestAdditions.iso
mount: /dev/loop0 is write-protected, mounting read-only
Installing Virtualbox Guest Additions 5.1.16 - guest version is unknown
Verifying archive integrity... All good.
Uncompressing VirtualBox 5.1.16 Guest Additions for Linux...........
VirtualBox Guest Additions installer
Copying additional installer modules ...
Installing additional modules ...
vboxadd.sh: Building Guest Additions kernel modules.
vboxadd.sh: Starting the VirtualBox Guest Additions.

Could not find the X.Org or XFree86 Window System, skipping.
==> svr: Checking for guest additions in VM...
==> svr: Setting hostname...
==> svr: Configuring and enabling network interfaces...
==> svr: Rsyncing folder: /home/student/workspace/lesson12/ => /vagrant
==> svr: Running provisioner: shell...
    svr: Running: /tmp/vagrant-shell20170413-6377-8qbedb.sh
==> svr: Loaded plugins: fastestmirror
==> svr: Loading mirror speeds from cached hostfile
==> svr:  * base: ftp.byfly.by
==> svr:  * extras: ftp.byfly.by
==> svr:  * updates: ftp.byfly.by
==> svr: Resolving Dependencies
==> svr: --> Running transaction check
==> svr: ---> Package epel-release.noarch 0:7-9 will be installed
==> svr: --> Finished Dependency Resolution
==> svr: 
==> svr: Dependencies Resolved
==> svr: 
==> svr: ================================================================================
==> svr:  Package                Arch             Version         Repository        Size
==> svr: ================================================================================
==> svr: Installing:
==> svr:  epel-release           noarch           7-9             extras            14 k
==> svr: 
==> svr: Transaction Summary
==> svr: ================================================================================
==> svr: Install  1 Package
==> svr: 
==> svr: Total download size: 14 k
==> svr: Installed size: 24 k
==> svr: Downloading packages:
==> svr: Running transaction check
==> svr: Running transaction test
==> svr: Transaction test succeeded
==> svr: Running transaction
==> svr:   Installing : epel-release-7-9.noarch                                      1/1
==> svr:  
==> svr:   Verifying  : epel-release-7-9.noarch                                      1/1
==> svr:  
==> svr: 
==> svr: Installed:
==> svr:   epel-release.noarch 0:7-9                                                     
==> svr: 
==> svr: Complete!
==> svr: Loaded plugins: fastestmirror
==> svr: Examining /var/tmp/yum-root-6AJ98E/puppetlabs-release-pc1-el-7.noarch.rpm: puppetlabs-release-pc1-1.1.0-5.el7.noarch
==> svr: Marking /var/tmp/yum-root-6AJ98E/puppetlabs-release-pc1-el-7.noarch.rpm to be installed
==> svr: Resolving Dependencies
==> svr: --> Running transaction check
==> svr: ---> Package puppetlabs-release-pc1.noarch 0:1.1.0-5.el7 will be installed
==> svr: --> Finished Dependency Resolution
==> svr: 
==> svr: Dependencies Resolved
==> svr: 
==> svr: ================================================================================
==> svr:  Package           Arch   Version     Repository                           Size
==> svr: ================================================================================
==> svr: Installing:
==> svr:  puppetlabs-release-pc1
==> svr:                    noarch 1.1.0-5.el7 /puppetlabs-release-pc1-el-7.noarch  11 k
==> svr: 
==> svr: Transaction Summary
==> svr: ================================================================================
==> svr: Install  1 Package
==> svr: 
==> svr: Total size: 11 k
==> svr: Installed size: 11 k
==> svr: Downloading packages:
==> svr: Running transaction check
==> svr: Running transaction test
==> svr: Transaction test succeeded
==> svr: Running transaction
==> svr:   Installing : puppetlabs-release-pc1-1.1.0-5.el7.noarch                    1/1
==> svr:  
==> svr:   Verifying  : puppetlabs-release-pc1-1.1.0-5.el7.noarch                    1/1
==> svr:  
==> svr: 
==> svr: Installed:
==> svr:   puppetlabs-release-pc1.noarch 0:1.1.0-5.el7                                   
==> svr: 
==> svr: Complete!
==> svr: Loaded plugins: fastestmirror
==> svr: https://epel.ip-connect.vn.ua/7/x86_64/repodata/632631e5e7ed85930b3c01e5c5642272181d3812b99b1212aaf4003e7b1ab9d4-updateinfo.xml.bz2: [Errno 14] HTTPS Error 404 - Not Found
==> svr: Trying other mirror.
==> svr: To address this issue please refer to the below knowledge base article 
==> svr: 
==> svr: https://access.redhat.com/articles/1320623
==> svr: 
==> svr: If above article doesn't help to resolve this issue please create a bug on https://bugs.centos.org/
==> svr: Loading mirror speeds from cached hostfile
==> svr:  * base: ftp.byfly.by
==> svr:  * epel: mirror.datacenter.by
==> svr:  * extras: ftp.byfly.by
==> svr:  * updates: ftp.byfly.by
==> svr: Resolving Dependencies
==> svr: --> Running transaction check
==> svr: ---> Package puppetserver.noarch 0:2.7.2-1.el7 will be installed
==> svr: --> Processing Dependency: puppet-agent >= 1.6.0 for package: puppetserver-2.7.2-1.el7.noarch
==> svr: --> Processing Dependency: java-1.8.0-openjdk-headless for package: puppetserver-2.7.2-1.el7.noarch
==> svr: --> Processing Dependency: net-tools for package: puppetserver-2.7.2-1.el7.noarch
==> svr: --> Running transaction check
==> svr: ---> Package java-1.8.0-openjdk-headless.x86_64 1:1.8.0.121-0.b13.el7_3 will be installed
==> svr: --> Processing Dependency: tzdata-java >= 2015d for package: 1:java-1.8.0-openjdk-headless-1.8.0.121-0.b13.el7_3.x86_64
==> svr: --> Processing Dependency: copy-jdk-configs >= 1.1-3 for package: 1:java-1.8.0-openjdk-headless-1.8.0.121-0.b13.el7_3.x86_64
==> svr: --> Processing Dependency: lksctp-tools(x86-64) for package: 1:java-1.8.0-openjdk-headless-1.8.0.121-0.b13.el7_3.x86_64
==> svr: --> Processing Dependency: libjpeg.so.62(LIBJPEG_6.2)(64bit) for package: 1:java-1.8.0-openjdk-headless-1.8.0.121-0.b13.el7_3.x86_64
==> svr: --> Processing Dependency: jpackage-utils for package: 1:java-1.8.0-openjdk-headless-1.8.0.121-0.b13.el7_3.x86_64
==> svr: --> Processing Dependency: libjpeg.so.62()(64bit) for package: 1:java-1.8.0-openjdk-headless-1.8.0.121-0.b13.el7_3.x86_64
==> svr: ---> Package net-tools.x86_64 0:2.0-0.17.20131004git.el7 will be installed
==> svr: ---> Package puppet-agent.x86_64 0:1.10.0-1.el7 will be installed
==> svr: --> Running transaction check
==> svr: ---> Package copy-jdk-configs.noarch 0:1.2-1.el7 will be installed
==> svr: ---> Package javapackages-tools.noarch 0:3.4.1-11.el7 will be installed
==> svr: --> Processing Dependency: python-javapackages = 3.4.1-11.el7 for package: javapackages-tools-3.4.1-11.el7.noarch
==> svr: --> Processing Dependency: libxslt for package: javapackages-tools-3.4.1-11.el7.noarch
==> svr: ---> Package libjpeg-turbo.x86_64 0:1.2.90-5.el7 will be installed
==> svr: ---> Package lksctp-tools.x86_64 0:1.0.17-2.el7 will be installed
==> svr: ---> Package tzdata-java.noarch 0:2017b-1.el7 will be installed
==> svr: --> Running transaction check
==> svr: ---> Package libxslt.x86_64 0:1.1.28-5.el7 will be installed
==> svr: ---> Package python-javapackages.noarch 0:3.4.1-11.el7 will be installed
==> svr: --> Processing Dependency: python-lxml for package: python-javapackages-3.4.1-11.el7.noarch
==> svr: --> Running transaction check
==> svr: ---> Package python-lxml.x86_64 0:3.2.1-4.el7 will be installed
==> svr: --> Finished Dependency Resolution
==> svr: 
==> svr: Dependencies Resolved
==> svr: 
==> svr: ================================================================================
==> svr:  Package                   Arch   Version                  Repository      Size
==> svr: ================================================================================
==> svr: Installing:
==> svr:  puppetserver              noarch 2.7.2-1.el7              puppetlabs-pc1  33 M
==> svr: Installing for dependencies:
==> svr:  copy-jdk-configs          noarch 1.2-1.el7                base            14 k
==> svr:  java-1.8.0-openjdk-headless
==> svr:                            x86_64 1:1.8.0.121-0.b13.el7_3  updates         31 M
==> svr:  javapackages-tools        noarch 3.4.1-11.el7             base            73 k
==> svr:  libjpeg-turbo             x86_64 1.2.90-5.el7             base           134 k
==> svr:  libxslt                   x86_64 1.1.28-5.el7             base           242 k
==> svr:  lksctp-tools              x86_64 1.0.17-2.el7             base            88 k
==> svr:  net-tools                 x86_64 2.0-0.17.20131004git.el7 base           304 k
==> svr:  puppet-agent              x86_64 1.10.0-1.el7             puppetlabs-pc1  26 M
==> svr:  python-javapackages       noarch 3.4.1-11.el7             base            31 k
==> svr:  python-lxml               x86_64 3.2.1-4.el7              base           758 k
==> svr:  tzdata-java               noarch 2017b-1.el7              updates        183 k
==> svr: 
==> svr: Transaction Summary
==> svr: ================================================================================
==> svr: Install  1 Package (+11 Dependent packages)
==> svr: 
==> svr: Total download size: 92 M
==> svr: Installed size: 263 M
==> svr: Downloading packages:
==> svr: Public key for puppetserver-2.7.2-1.el7.noarch.rpm is not installed
==> svr: warning: /var/cache/yum/x86_64/7/puppetlabs-pc1/packages/puppetserver-2.7.2-1.el7.noarch.rpm: Header V4 RSA/SHA512 Signature, key ID ef8d349f: NOKEY
==> svr: --------------------------------------------------------------------------------
==> svr: Total                                              5.2 MB/s |  92 MB  00:17     
==> svr: Retrieving key from file:///etc/pki/rpm-gpg/RPM-GPG-KEY-puppetlabs-PC1
==> svr: Importing GPG key 0x4BD6EC30:
==> svr:  Userid     : "Puppet Labs Release Key (Puppet Labs Release Key) <info@puppetlabs.com>"
==> svr:  Fingerprint: 47b3 20eb 4c7c 375a a9da e1a0 1054 b7a2 4bd6 ec30
==> svr:  Package    : puppetlabs-release-pc1-1.1.0-5.el7.noarch (installed)
==> svr:  From       : /etc/pki/rpm-gpg/RPM-GPG-KEY-puppetlabs-PC1
==> svr: Retrieving key from file:///etc/pki/rpm-gpg/RPM-GPG-KEY-puppet-PC1
==> svr: Importing GPG key 0xEF8D349F:
==> svr:  Userid     : "Puppet, Inc. Release Key (Puppet, Inc. Release Key) <release@puppet.com>"
==> svr:  Fingerprint: 6f6b 1550 9cf8 e59e 6e46 9f32 7f43 8280 ef8d 349f
==> svr:  Package    : puppetlabs-release-pc1-1.1.0-5.el7.noarch (installed)
==> svr:  From       : /etc/pki/rpm-gpg/RPM-GPG-KEY-puppet-PC1
==> svr: Running transaction check
==> svr: Running transaction test
==> svr: Transaction test succeeded
==> svr: Running transaction
==> svr:   Installing : libxslt-1.1.28-5.el7.x86_64                                 1/12
==> svr:  
==> svr:   Installing : python-lxml-3.2.1-4.el7.x86_64                              2/12
==> svr:  
==> svr:   Installing : python-javapackages-3.4.1-11.el7.noarch                     3/12
==> svr:  
==> svr:   Installing : javapackages-tools-3.4.1-11.el7.noarch                      4/12
==> svr:  
==> svr:   Installing : copy-jdk-configs-1.2-1.el7.noarch                           5/12
==> svr:  
==> svr:   Installing : lksctp-tools-1.0.17-2.el7.x86_64                            6/12
==> svr:  
==> svr:   Installing : net-tools-2.0-0.17.20131004git.el7.x86_64                   7/12
==> svr:  
==> svr:   Installing : tzdata-java-2017b-1.el7.noarch                              8/12
==> svr:  
==> svr:   Installing : libjpeg-turbo-1.2.90-5.el7.x86_64                           9/12
==> svr:  
==> svr:   Installing : 1:java-1.8.0-openjdk-headless-1.8.0.121-0.b13.el7_3.x86_   10/12
==> svr:  
==> svr:   Installing : puppet-agent-1.10.0-1.el7.x86_64                           11/12
==> svr:  
==> svr:   Installing : puppetserver-2.7.2-1.el7.noarch                            12/12
==> svr:  
==> svr: usermod: no changes
==> svr:   Verifying  : puppet-agent-1.10.0-1.el7.x86_64                            1/12
==> svr:  
==> svr:   Verifying  : libjpeg-turbo-1.2.90-5.el7.x86_64                           2/12
==> svr:  
==> svr:   Verifying  : python-javapackages-3.4.1-11.el7.noarch                     3/12
==> svr:  
==> svr:   Verifying  : libxslt-1.1.28-5.el7.x86_64                                 4/12
==> svr:  
==> svr:   Verifying  : tzdata-java-2017b-1.el7.noarch                              5/12
==> svr:  
==> svr:   Verifying  : net-tools-2.0-0.17.20131004git.el7.x86_64                   6/12
==> svr:  
==> svr:   Verifying  : python-lxml-3.2.1-4.el7.x86_64                              7/12
==> svr:  
==> svr:   Verifying  : 1:java-1.8.0-openjdk-headless-1.8.0.121-0.b13.el7_3.x86_    8/12
==> svr:  
==> svr:   Verifying  : javapackages-tools-3.4.1-11.el7.noarch                      9/12
==> svr:  
==> svr:   Verifying  : puppetserver-2.7.2-1.el7.noarch                            10/12
==> svr:  
==> svr:   Verifying  : lksctp-tools-1.0.17-2.el7.x86_64                           11/12
==> svr:  
==> svr:   Verifying  : copy-jdk-configs-1.2-1.el7.noarch                          12/12
==> svr:  
==> svr: 
==> svr: Installed:
==> svr:   puppetserver.noarch 0:2.7.2-1.el7                                             
==> svr: 
==> svr: Dependency Installed:
==> svr:   copy-jdk-configs.noarch 0:1.2-1.el7                                           
==> svr:   java-1.8.0-openjdk-headless.x86_64 1:1.8.0.121-0.b13.el7_3                    
==> svr:   javapackages-tools.noarch 0:3.4.1-11.el7                                      
==> svr:   libjpeg-turbo.x86_64 0:1.2.90-5.el7                                           
==> svr:   libxslt.x86_64 0:1.1.28-5.el7                                                 
==> svr:   lksctp-tools.x86_64 0:1.0.17-2.el7                                            
==> svr:   net-tools.x86_64 0:2.0-0.17.20131004git.el7                                   
==> svr:   puppet-agent.x86_64 0:1.10.0-1.el7                                            
==> svr:   python-javapackages.noarch 0:3.4.1-11.el7                                     
==> svr:   python-lxml.x86_64 0:3.2.1-4.el7                                              
==> svr:   tzdata-java.noarch 0:2017b-1.el7                                              
==> svr: 
==> svr: Complete!
==> svr: Created symlink from /etc/systemd/system/multi-user.target.wants/puppetserver.service to /usr/lib/systemd/system/puppetserver.service.
==> svr: [mNotice: Preparing to install into /etc/puppetlabs/code/environments/production/modules ...[0m
==> svr: [mNotice: Downloading from https://forgeapi.puppet.com ...[0m
==> svr: [mNotice: Installing -- do not interrupt ...[0m
==> svr: /etc/puppetlabs/code/environments/production/modules
==> svr: └─┬ puppetlabs-mysql ([0;36mv3.10.0[0m)
==> svr:   ├── puppet-staging ([0;36mv2.2.0[0m)
==> svr:   └── puppetlabs-stdlib ([0;36mv4.16.0[0m)
==> node1: Importing base box 'centos/7'...
[KProgress: 20%[KProgress: 40%[KProgress: 70%